app/build/outputs/logs/manifest-merger-debug-report.txt
-- Merging decision tree log ---
manifest
ADDED from src\main\AndroidManifest.xml:1:1-468:12
	package
		ADDED from src\main\AndroidManifest.xml:2:11-46
		INJECTED from src\main\AndroidManifest.xml
		INJECTED from src\main\AndroidManifest.xml
	android:versionName
		INJECTED from src\main\AndroidManifest.xml
		INJECTED from src\main\AndroidManifest.xml
	xmlns:android
		ADDED from src\main\AndroidManifest.xml:1:11-69
	android:versionCode
		INJECTED from src\main\AndroidManifest.xml
		INJECTED from src\main\AndroidManifest.xml
uses-permission#android.permission.INTERNET
ADDED from src\main\AndroidManifest.xml:4:5-67
	android:name
		ADDED from src\main\AndroidManifest.xml:4:22-64
uses-permission#android.permission.WRITE_EXTERNAL_STORAGE
ADDED from src\main\AndroidManifest.xml:5:5-81
	android:name
		ADDED from src\main\AndroidManifest.xml:5:22-78
uses-permission#android.permission.READ_EXTERNAL_STORAGE
ADDED from src\main\AndroidManifest.xml:6:5-80
	android:name
		ADDED from src\main\AndroidManifest.xml:6:22-77
uses-permission#android.permission.ACCESS_NETWORK_STATE
ADDED from src\main\AndroidManifest.xml:7:5-78
	android:name
		ADDED from src\main\AndroidManifest.xml:7:22-76
uses-permission#android.permission.READ_CONTACTS
ADDED from src\main\AndroidManifest.xml:9:5-72
	android:name
		ADDED from src\main\AndroidManifest.xml:9:22-69
uses-permission#android.permission.SEND_SMS
ADDED from src\main\AndroidManifest.xml:11:5-66
	android:name
		ADDED from src\main\AndroidManifest.xml:11:22-64
uses-permission#android.permission.RECEIVE_SMS
ADDED from src\main\AndroidManifest.xml:12:5-69
	android:name
		ADDED from src\main\AndroidManifest.xml:12:22-67
uses-permission#android.permission.CALL_PHONE
ADDED from src\main\AndroidManifest.xml:14:5-68
	android:name
		ADDED from src\main\AndroidManifest.xml:14:22-66
uses-permission#android.permission.ACCESS_FINE_LOCATION
ADDED from src\main\AndroidManifest.xml:16:5-78
	android:name
		ADDED from src\main\AndroidManifest.xml:16:22-76
uses-permission#android.permission.CAMERA
ADDED from src\main\AndroidManifest.xml:18:5-64
	android:name
		ADDED from src\main\AndroidManifest.xml:18:22-62
uses-permission#android.permission.MODIFY_AUDIO_SETTINGS
ADDED from src\main\AndroidManifest.xml:21:5-79
	android:name
		ADDED from src\main\AndroidManifest.xml:21:22-77
uses-permission#android.permission.GET_TASKS
ADDED from src\main\AndroidManifest.xml:24:5-68
	android:name
		ADDED from src\main\AndroidManifest.xml:24:22-65
uses-permission#android.permission.ACCESS_WIFI_STATE
ADDED from src\main\AndroidManifest.xml:26:5-76
	android:name
		ADDED from src\main\AndroidManifest.xml:26:22-73
uses-permission#android.permission.CHANGE_WIFI_STATE
ADDED from src\main\AndroidManifest.xml:28:5-76
	android:name
		ADDED from src\main\AndroidManifest.xml:28:22-73
uses-permission#android.permission.READ_PHONE_STATE
ADDED from src\main\AndroidManifest.xml:30:5-75
	android:name
		ADDED from src\main\AndroidManifest.xml:30:22-72
uses-permission#android.permission.MANAGE_ACCOUNTS
ADDED from src\main\AndroidManifest.xml:31:5-73
	android:name
		ADDED from src\main\AndroidManifest.xml:31:22-71
uses-permission#android.permission.GET_ACCOUNTS
ADDED from src\main\AndroidManifest.xml:32:5-70
	android:name
		ADDED from src\main\AndroidManifest.xml:32:22-68
uses-permission#android.permission.BLUETOOTH
ADDED from src\main\AndroidManifest.xml:34:5-68
	android:name
		ADDED from src\main\AndroidManifest.xml:34:22-65
uses-permission#android.permission.BLUETOOTH_ADMIN
ADDED from src\main\AndroidManifest.xml:35:5-74
	android:name
		ADDED from src\main\AndroidManifest.xml:35:22-71
uses-permission#android.permission.VIBRATE
ADDED from src\main\AndroidManifest.xml:38:5-66
	android:name
		ADDED from src\main\AndroidManifest.xml:38:22-63
uses-permission#android.permission.RECORD_AUDIO
ADDED from src\main\AndroidManifest.xml:40:5-71
	android:name
		ADDED from src\main\AndroidManifest.xml:40:22-68
uses-permission#android.permission.MOUNT_UNMOUNT_FILESYSTEMS
ADDED from src\main\AndroidManifest.xml:44:5-84
	android:name
		ADDED from src\main\AndroidManifest.xml:44:22-81
uses-permission#android.permission.WAKE_LOCK
ADDED from src\main\AndroidManifest.xml:49:5-68
	android:name
		ADDED from src\main\AndroidManifest.xml:49:22-65
uses-permission#android.permission.RECEIVE_BOOT_COMPLETED
ADDED from src\main\AndroidManifest.xml:52:5-81
	android:name
		ADDED from src\main\AndroidManifest.xml:52:22-78
uses-permission#android.permission.USE_CREDENTIALS
ADDED from src\main\AndroidManifest.xml:53:5-74
	android:name
		ADDED from src\main\AndroidManifest.xml:53:22-71
uses-permission#com.android.launcher.permission.READ_SETTINGS
ADDED from src\main\AndroidManifest.xml:54:5-85
	android:name
		ADDED from src\main\AndroidManifest.xml:54:22-82
uses-permission#android.permission.BROADCAST_STICKY
ADDED from src\main\AndroidManifest.xml:55:5-75
	android:name
		ADDED from src\main\AndroidManifest.xml:55:22-72
uses-permission#android.permission.WRITE_SETTINGS
ADDED from src\main\AndroidManifest.xml:56:5-73
	android:name
		ADDED from src\main\AndroidManifest.xml:56:22-70
uses-permission#android.permission.REQUEST_IGNORE_BATTERY_OPTIMIZATIONS
ADDED from src\main\AndroidManifest.xml:57:5-95
	android:name
		ADDED from src\main\AndroidManifest.xml:57:22-92
uses-permission#com.google.android.c2dm.permission.RECEIVE
ADDED from src\main\AndroidManifest.xml:60:5-82
	android:name
		ADDED from src\main\AndroidManifest.xml:60:22-79
permission#com.zhuyun.jingxi.android.permission.C2D_MESSAGE
ADDED from src\main\AndroidManifest.xml:61:5-64:11
	android:protectionLevel
		ADDED from src\main\AndroidManifest.xml:63:9-44
	android:name
		ADDED from src\main\AndroidManifest.xml:62:9-72
uses-permission#com.zhuyun.jingxi.android.permission.C2D_MESSAGE
ADDED from src\main\AndroidManifest.xml:65:5-88
	android:name
		ADDED from src\main\AndroidManifest.xml:65:22-85
permission#com.zhuyun.jingxi.android.permission.MIPUSH_RECEIVE
ADDED from src\main\AndroidManifest.xml:67:5-69:47
	android:protectionLevel
		ADDED from src\main\AndroidManifest.xml:69:9-44
	android:name
		ADDED from src\main\AndroidManifest.xml:68:9-75
uses-permission#com.zhuyun.jingxi.android.permission.MIPUSH_RECEIVE
ADDED from src\main\AndroidManifest.xml:71:5-91
	android:name
		ADDED from src\main\AndroidManifest.xml:71:22-88
uses-permission#android.permission.ACCESS_COARSE_LOCATION
ADDED from src\main\AndroidManifest.xml:90:5-81
	android:name
		ADDED from src\main\AndroidManifest.xml:90:22-78
uses-permission#android.permission.CHANGE_CONFIGURATION
ADDED from src\main\AndroidManifest.xml:96:5-79
	android:name
		ADDED from src\main\AndroidManifest.xml:96:22-76
application
ADDED from src\main\AndroidManifest.xml:101:5-466:19
MERGED from [com.android.support:appcompat-v7:23.2.1] AndroidManifest.xml:25:5-20
MERGED from [com.android.support:animated-vector-drawable:23.2.1] AndroidManifest.xml:7:5-20
MERGED from [com.android.support:support-vector-drawable:23.2.1] AndroidManifest.xml:7:5-20
MERGED from [com.android.support:support-vector-drawable:23.2.1] AndroidManifest.xml:7:5-20
	android:label
		ADDED from src\main\AndroidManifest.xml:105:9-41
	android:supportsRtl
		ADDED from src\main\AndroidManifest.xml:106:9-35
	android:allowBackup
		ADDED from src\main\AndroidManifest.xml:103:9-35
	android:icon
		ADDED from src\main\AndroidManifest.xml:104:9-38
	android:largeHeap
		ADDED from src\main\AndroidManifest.xml:107:9-33
	android:theme
		ADDED from src\main\AndroidManifest.xml:108:9-40
	android:name
		ADDED from src\main\AndroidManifest.xml:102:9-28
meta-data#EASEMOB_APPKEY
ADDED from src\main\AndroidManifest.xml:112:9-114:55
	android:value
		ADDED from src\main\AndroidManifest.xml:114:13-52
	android:name
		ADDED from src\main\AndroidManifest.xml:113:13-42
service#com.hyphenate.chat.EMChatService
ADDED from src\main\AndroidManifest.xml:119:9-121:15
	android:exported
		ADDED from src\main\AndroidManifest.xml:120:13-36
	android:name
		ADDED from src\main\AndroidManifest.xml:119:18-65
receiver#com.hyphenate.chat.EMMonitorReceiver
ADDED from src\main\AndroidManifest.xml:123:9-133:20
	android:name
		ADDED from src\main\AndroidManifest.xml:123:19-70
intent-filter#android.intent.action.PACKAGE_REMOVED
ADDED from src\main\AndroidManifest.xml:124:13-127:29
action#android.intent.action.PACKAGE_REMOVED
ADDED from src\main\AndroidManifest.xml:125:17-79
	android:name
		ADDED from src\main\AndroidManifest.xml:125:25-77
data
ADDED from src\main\AndroidManifest.xml:126:17-49
	android:scheme
		ADDED from src\main\AndroidManifest.xml:126:23-47
intent-filter#android.intent.action.BOOT_COMPLETED+android.intent.action.USER_PRESENT
ADDED from src\main\AndroidManifest.xml:129:13-132:29
action#android.intent.action.BOOT_COMPLETED
ADDED from src\main\AndroidManifest.xml:130:17-78
	android:name
		ADDED from src\main\AndroidManifest.xml:130:25-76
action#android.intent.action.USER_PRESENT
ADDED from src\main\AndroidManifest.xml:131:17-77
	android:name
		ADDED from src\main\AndroidManifest.xml:131:25-74
activity#com.zhuyun.jingxi.android.activty.EnterActivity
ADDED from src\main\AndroidManifest.xml:135:9-146:20
	android:screenOrientation
		ADDED from src\main\AndroidManifest.xml:140:13-49
	android:label
		ADDED from src\main\AndroidManifest.xml:137:13-45
	android:windowSoftInputMode
		ADDED from src\main\AndroidManifest.xml:138:13-52
	android:configChanges
		ADDED from src\main\AndroidManifest.xml:139:13-63
	android:name
		ADDED from src\main\AndroidManifest.xml:136:13-50
intent-filter#android.intent.action.MAIN+android.intent.category.LAUNCHER
ADDED from src\main\AndroidManifest.xml:141:13-145:29
action#android.intent.action.MAIN
ADDED from src\main\AndroidManifest.xml:142:17-69
	android:name
		ADDED from src\main\AndroidManifest.xml:142:25-66
category#android.intent.category.LAUNCHER
ADDED from src\main\AndroidManifest.xml:144:17-77
	android:name
		ADDED from src\main\AndroidManifest.xml:144:27-74
activity#com.zhuyun.jingxi.android.MainActivity
ADDED from src\main\AndroidManifest.xml:148:9-153:45
	android:screenOrientation
		ADDED from src\main\AndroidManifest.xml:152:13-49
	android:launchMode
		ADDED from src\main\AndroidManifest.xml:153:13-43
	android:windowSoftInputMode
		ADDED from src\main\AndroidManifest.xml:150:13-52
	android:configChanges
		ADDED from src\main\AndroidManifest.xml:151:13-63
	android:name
		ADDED from src\main\AndroidManifest.xml:149:13-41
activity#com.zhuyun.jingxi.android.activty.WishActivity
ADDED from src\main\AndroidManifest.xml:155:9-159:45
	android:screenOrientation
		ADDED from src\main\AndroidManifest.xml:158:13-49
	android:launchMode
		ADDED from src\main\AndroidManifest.xml:159:13-43
	android:configChanges
		ADDED from src\main\AndroidManifest.xml:157:13-63
	android:name
		ADDED from src\main\AndroidManifest.xml:156:13-49
activity#com.zhuyun.jingxi.android.activty.ChestsActivity
ADDED from src\main\AndroidManifest.xml:161:9-165:45
	android:screenOrientation
		ADDED from src\main\AndroidManifest.xml:164:13-49
	android:launchMode
		ADDED from src\main\AndroidManifest.xml:165:13-43
	android:configChanges
		ADDED from src\main\AndroidManifest.xml:163:13-63
	android:name
		ADDED from src\main\AndroidManifest.xml:162:13-51
activity#com.zhuyun.jingxi.android.activty.StarActivity
ADDED from src\main\AndroidManifest.xml:167:9-170:45
	android:screenOrientation
		ADDED from src\main\AndroidManifest.xml:169:13-49
	android:launchMode
		ADDED from src\main\AndroidManifest.xml:170:13-43
	android:configChanges
		ADDED from src\main\AndroidManifest.xml:168:13-63
	android:name
		ADDED from src\main\AndroidManifest.xml:167:19-55
activity#com.zhuyun.jingxi.android.activty.MyFriendsListActivity
ADDED from src\main\AndroidManifest.xml:172:9-175:45
	android:screenOrientation
		ADDED from src\main\AndroidManifest.xml:174:13-49
	android:launchMode
		ADDED from src\main\AndroidManifest.xml:175:13-43
	android:configChanges
		ADDED from src\main\AndroidManifest.xml:173:13-63
	android:name
		ADDED from src\main\AndroidManifest.xml:172:19-64
activity#com.zhuyun.jingxi.android.activty.FriendsActivity
ADDED from src\main\AndroidManifest.xml:177:9-180:45
	android:screenOrientation
		ADDED from src\main\AndroidManifest.xml:179:13-49
	android:launchMode
		ADDED from src\main\AndroidManifest.xml:180:13-43
	android:configChanges
		ADDED from src\main\AndroidManifest.xml:178:13-63
	android:name
		ADDED from src\main\AndroidManifest.xml:177:19-58
activity#com.zhuyun.jingxi.android.activty.AddFriendsActivity
ADDED from src\main\AndroidManifest.xml:182:9-185:45
	android:screenOrientation
		ADDED from src\main\AndroidManifest.xml:184:13-49
	android:launchMode
		ADDED from src\main\AndroidManifest.xml:185:13-43
	android:configChanges
		ADDED from src\main\AndroidManifest.xml:183:13-63
	android:name
		ADDED from src\main\AndroidManifest.xml:182:19-61
activity#com.zhuyun.jingxi.android.activty.NewFriendsActivity
ADDED from src\main\AndroidManifest.xml:187:9-190:45
	android:screenOrientation
		ADDED from src\main\AndroidManifest.xml:189:13-49
	android:launchMode
		ADDED from src\main\AndroidManifest.xml:190:13-43
	android:configChanges
		ADDED from src\main\AndroidManifest.xml:188:13-63
	android:name
		ADDED from src\main\AndroidManifest.xml:187:19-61
activity#com.zhuyun.jingxi.android.activty.MobilePhoneActivity
ADDED from src\main\AndroidManifest.xml:192:9-195:45
	android:screenOrientation
		ADDED from src\main\AndroidManifest.xml:194:13-49
	android:launchMode
		ADDED from src\main\AndroidManifest.xml:195:13-43
	android:configChanges
		ADDED from src\main\AndroidManifest.xml:193:13-63
	android:name
		ADDED from src\main\AndroidManifest.xml:192:19-62
activity#com.zhuyun.jingxi.android.activty.WishDetailsActivity
ADDED from src\main\AndroidManifest.xml:197:9-201:45
	android:screenOrientation
		ADDED from src\main\AndroidManifest.xml:200:13-49
	android:launchMode
		ADDED from src\main\AndroidManifest.xml:201:13-43
	android:windowSoftInputMode
		ADDED from src\main\AndroidManifest.xml:198:13-52
	android:configChanges
		ADDED from src\main\AndroidManifest.xml:199:13-63
	android:name
		ADDED from src\main\AndroidManifest.xml:197:19-62
activity#com.zhuyun.jingxi.android.activty.WishDiscussActivity
ADDED from src\main\AndroidManifest.xml:203:9-206:45
	android:screenOrientation
		ADDED from src\main\AndroidManifest.xml:205:13-49
	android:launchMode
		ADDED from src\main\AndroidManifest.xml:206:13-43
	android:configChanges
		ADDED from src\main\AndroidManifest.xml:204:13-63
	android:name
		ADDED from src\main\AndroidManifest.xml:203:19-62
activity#com.zhuyun.jingxi.android.activty.GiftDetailsActivity
ADDED from src\main\AndroidManifest.xml:208:9-211:45
	android:screenOrientation
		ADDED from src\main\AndroidManifest.xml:210:13-49
	android:launchMode
		ADDED from src\main\AndroidManifest.xml:211:13-43
	android:configChanges
		ADDED from src\main\AndroidManifest.xml:209:13-63
	android:name
		ADDED from src\main\AndroidManifest.xml:208:19-62
activity#com.zhuyun.jingxi.android.activty.WishHomeActivity
ADDED from src\main\AndroidManifest.xml:213:9-216:45
	android:screenOrientation
		ADDED from src\main\AndroidManifest.xml:215:13-49
	android:launchMode
		ADDED from src\main\AndroidManifest.xml:216:13-43
	android:configChanges
		ADDED from src\main\AndroidManifest.xml:214:13-63
	android:name
		ADDED from src\main\AndroidManifest.xml:213:19-59
activity#com.zhuyun.jingxi.android.activty.ApplyFriendActivity
ADDED from src\main\AndroidManifest.xml:218:9-221:45
	android:screenOrientation
		ADDED from src\main\AndroidManifest.xml:220:13-49
	android:launchMode
		ADDED from src\main\AndroidManifest.xml:221:13-43
	android:configChanges
		ADDED from src\main\AndroidManifest.xml:219:13-63
	android:name
		ADDED from src\main\AndroidManifest.xml:218:19-62
activity#com.zhuyun.jingxi.android.activty.FriendSettingActivity
ADDED from src\main\AndroidManifest.xml:223:9-226:45
	android:screenOrientation
		ADDED from src\main\AndroidManifest.xml:225:13-49
	android:launchMode
		ADDED from src\main\AndroidManifest.xml:226:13-43
	android:configChanges
		ADDED from src\main\AndroidManifest.xml:224:13-63
	android:name
		ADDED from src\main\AndroidManifest.xml:223:19-64
activity#com.zhuyun.jingxi.android.activty.ChangeRemarks
ADDED from src\main\AndroidManifest.xml:228:9-231:45
	android:screenOrientation
		ADDED from src\main\AndroidManifest.xml:230:13-49
	android:launchMode
		ADDED from src\main\AndroidManifest.xml:231:13-43
	android:configChanges
		ADDED from src\main\AndroidManifest.xml:229:13-63
	android:name
		ADDED from src\main\AndroidManifest.xml:228:19-56
activity#com.zhuyun.jingxi.android.activty.PublishWishActivity
ADDED from src\main\AndroidManifest.xml:234:9-237:45
	android:screenOrientation
		ADDED from src\main\AndroidManifest.xml:236:13-49
	android:launchMode
		ADDED from src\main\AndroidManifest.xml:237:13-43
	android:configChanges
		ADDED from src\main\AndroidManifest.xml:235:13-63
	android:name
		ADDED from src\main\AndroidManifest.xml:234:19-62
activity#com.zhuyun.jingxi.android.activty.PayGiftActivity
ADDED from src\main\AndroidManifest.xml:239:9-242:45
	android:screenOrientation
		ADDED from src\main\AndroidManifest.xml:241:13-49
	android:launchMode
		ADDED from src\main\AndroidManifest.xml:242:13-43
	android:configChanges
		ADDED from src\main\AndroidManifest.xml:240:13-63
	android:name
		ADDED from src\main\AndroidManifest.xml:239:19-58
activity#com.zhuyun.jingxi.android.activty.HotActivity
ADDED from src\main\AndroidManifest.xml:244:9-247:45
	android:screenOrientation
		ADDED from src\main\AndroidManifest.xml:246:13-49
	android:launchMode
		ADDED from src\main\AndroidManifest.xml:247:13-43
	android:configChanges
		ADDED from src\main\AndroidManifest.xml:245:13-63
	android:name
		ADDED from src\main\AndroidManifest.xml:244:19-54
activity#com.zhuyun.jingxi.android.activty.StrategyDetailsActivity
ADDED from src\main\AndroidManifest.xml:249:9-252:45
	android:screenOrientation
		ADDED from src\main\AndroidManifest.xml:251:13-49
	android:launchMode
		ADDED from src\main\AndroidManifest.xml:252:13-43
	android:configChanges
		ADDED from src\main\AndroidManifest.xml:250:13-63
	android:name
		ADDED from src\main\AndroidManifest.xml:249:19-66
activity#com.zhuyun.jingxi.android.activty.BirthdayReminderActivity
ADDED from src\main\AndroidManifest.xml:254:9-257:45
	android:screenOrientation
		ADDED from src\main\AndroidManifest.xml:256:13-49
	android:launchMode
		ADDED from src\main\AndroidManifest.xml:257:13-43
	android:configChanges
		ADDED from src\main\AndroidManifest.xml:255:13-63
	android:name
		ADDED from src\main\AndroidManifest.xml:254:19-67
activity#com.zhuyun.jingxi.android.activty.RecordForSendGiftActivity
ADDED from src\main\AndroidManifest.xml:259:9-262:45
	android:screenOrientation
		ADDED from src\main\AndroidManifest.xml:261:13-49
	android:launchMode
		ADDED from src\main\AndroidManifest.xml:262:13-43
	android:configChanges
		ADDED from src\main\AndroidManifest.xml:260:13-63
	android:name
		ADDED from src\main\AndroidManifest.xml:259:19-68
activity#com.zhuyun.jingxi.android.activty.DetailsForSendGift
ADDED from src\main\AndroidManifest.xml:264:9-267:45
	android:screenOrientation
		ADDED from src\main\AndroidManifest.xml:266:13-49
	android:launchMode
		ADDED from src\main\AndroidManifest.xml:267:13-43
	android:configChanges
		ADDED from src\main\AndroidManifest.xml:265:13-63
	android:name
		ADDED from src\main\AndroidManifest.xml:264:19-61
activity#com.zhuyun.jingxi.android.activty.RecordForReceivedGiftActivity
ADDED from src\main\AndroidManifest.xml:269:9-272:45
	android:screenOrientation
		ADDED from src\main\AndroidManifest.xml:271:13-49
	android:launchMode
		ADDED from src\main\AndroidManifest.xml:272:13-43
	android:configChanges
		ADDED from src\main\AndroidManifest.xml:270:13-63
	android:name
		ADDED from src\main\AndroidManifest.xml:269:19-72
activity#com.zhuyun.jingxi.android.activty.DetailsForReceivedGift
ADDED from src\main\AndroidManifest.xml:274:9-277:45
	android:screenOrientation
		ADDED from src\main\AndroidManifest.xml:276:13-49
	android:launchMode
		ADDED from src\main\AndroidManifest.xml:277:13-43
	android:configChanges
		ADDED from src\main\AndroidManifest.xml:275:13-63
	android:name
		ADDED from src\main\AndroidManifest.xml:274:19-65
activity#com.zhuyun.jingxi.android.activty.ReceiverMessaageActivity
ADDED from src\main\AndroidManifest.xml:279:9-283:45
	android:screenOrientation
		ADDED from src\main\AndroidManifest.xml:282:13-49
	android:launchMode
		ADDED from src\main\AndroidManifest.xml:283:13-43
	android:configChanges
		ADDED from src\main\AndroidManifest.xml:281:13-63
	android:name
		ADDED from src\main\AndroidManifest.xml:280:13-61
activity#com.zhuyun.jingxi.android.activty.AddReceiverMessaageActivity
ADDED from src\main\AndroidManifest.xml:285:9-289:45
	android:screenOrientation
		ADDED from src\main\AndroidManifest.xml:288:13-49
	android:launchMode
		ADDED from src\main\AndroidManifest.xml:289:13-43
	android:configChanges
		ADDED from src\main\AndroidManifest.xml:287:13-63
	android:name
		ADDED from src\main\AndroidManifest.xml:286:13-64
activity#com.zhuyun.jingxi.android.activty.EditReceiverMessaageActivity
ADDED from src\main\AndroidManifest.xml:291:9-295:45
	android:screenOrientation
		ADDED from src\main\AndroidManifest.xml:294:13-49
	android:launchMode
		ADDED from src\main\AndroidManifest.xml:295:13-43
	android:configChanges
		ADDED from src\main\AndroidManifest.xml:293:13-63
	android:name
		ADDED from src\main\AndroidManifest.xml:292:13-65
activity#com.zhuyun.jingxi.android.activty.CrowdFundingActivity
ADDED from src\main\AndroidManifest.xml:300:9-303:45
	android:screenOrientation
		ADDED from src\main\AndroidManifest.xml:302:13-49
	android:launchMode
		ADDED from src\main\AndroidManifest.xml:303:13-43
	android:configChanges
		ADDED from src\main\AndroidManifest.xml:301:13-63
	android:name
		ADDED from src\main\AndroidManifest.xml:300:19-63
activity#com.zhuyun.jingxi.android.activty.ConfirmOrderActivity
ADDED from src\main\AndroidManifest.xml:305:9-308:45
	android:screenOrientation
		ADDED from src\main\AndroidManifest.xml:307:13-49
	android:launchMode
		ADDED from src\main\AndroidManifest.xml:308:13-43
	android:configChanges
		ADDED from src\main\AndroidManifest.xml:306:13-63
	android:name
		ADDED from src\main\AndroidManifest.xml:305:19-63
activity#com.zhuyun.jingxi.android.activty.MySettingActivity
ADDED from src\main\AndroidManifest.xml:311:9-314:45
	android:screenOrientation
		ADDED from src\main\AndroidManifest.xml:313:13-49
	android:launchMode
		ADDED from src\main\AndroidManifest.xml:314:13-43
	android:configChanges
		ADDED from src\main\AndroidManifest.xml:312:13-63
	android:name
		ADDED from src\main\AndroidManifest.xml:311:19-60
activity#com.zhuyun.jingxi.android.activty.MyPersonActivity
ADDED from src\main\AndroidManifest.xml:316:9-319:45
	android:screenOrientation
		ADDED from src\main\AndroidManifest.xml:318:13-49
	android:launchMode
		ADDED from src\main\AndroidManifest.xml:319:13-43
	android:configChanges
		ADDED from src\main\AndroidManifest.xml:317:13-63
	android:name
		ADDED from src\main\AndroidManifest.xml:316:19-59
activity#com.zhuyun.jingxi.android.activty.CropActivity
ADDED from src\main\AndroidManifest.xml:321:9-324:45
	android:screenOrientation
		ADDED from src\main\AndroidManifest.xml:323:13-49
	android:launchMode
		ADDED from src\main\AndroidManifest.xml:324:13-43
	android:configChanges
		ADDED from src\main\AndroidManifest.xml:322:13-63
	android:name
		ADDED from src\main\AndroidManifest.xml:321:19-55
activity#com.zhuyun.jingxi.android.activty.MyNickNameEditActivity
ADDED from src\main\AndroidManifest.xml:326:9-329:45
	android:screenOrientation
		ADDED from src\main\AndroidManifest.xml:328:13-49
	android:launchMode
		ADDED from src\main\AndroidManifest.xml:329:13-43
	android:configChanges
		ADDED from src\main\AndroidManifest.xml:327:13-63
	android:name
		ADDED from src\main\AndroidManifest.xml:326:19-65
activity#com.zhuyun.jingxi.android.activty.MyProvenceActivity
ADDED from src\main\AndroidManifest.xml:331:9-334:45
	android:screenOrientation
		ADDED from src\main\AndroidManifest.xml:333:13-49
	android:launchMode
		ADDED from src\main\AndroidManifest.xml:334:13-43
	android:configChanges
		ADDED from src\main\AndroidManifest.xml:332:13-63
	android:name
		ADDED from src\main\AndroidManifest.xml:331:19-61
activity#com.zhuyun.jingxi.android.activty.MyCityActivity
ADDED from src\main\AndroidManifest.xml:335:9-338:45
	android:screenOrientation
		ADDED from src\main\AndroidManifest.xml:337:13-49
	android:launchMode
		ADDED from src\main\AndroidManifest.xml:338:13-43
	android:configChanges
		ADDED from src\main\AndroidManifest.xml:336:13-63
	android:name
		ADDED from src\main\AndroidManifest.xml:335:19-57
activity#com.zhuyun.jingxi.android.activty.MyMobileEditActivity
ADDED from src\main\AndroidManifest.xml:340:9-343:45
	android:screenOrientation
		ADDED from src\main\AndroidManifest.xml:342:13-49
	android:launchMode
		ADDED from src\main\AndroidManifest.xml:343:13-43
	android:configChanges
		ADDED from src\main\AndroidManifest.xml:341:13-63
	android:name
		ADDED from src\main\AndroidManifest.xml:340:19-63
activity#com.zhuyun.jingxi.android.activty.WishDynamicActivity
ADDED from src\main\AndroidManifest.xml:346:9-350:45
	android:screenOrientation
		ADDED from src\main\AndroidManifest.xml:349:13-49
	android:launchMode
		ADDED from src\main\AndroidManifest.xml:350:13-43
	android:configChanges
		ADDED from src\main\AndroidManifest.xml:348:13-63
	android:name
		ADDED from src\main\AndroidManifest.xml:347:13-56
activity#com.zhuyun.jingxi.android.activty.WonderfulUndefinedActivity
ADDED from src\main\AndroidManifest.xml:352:9-356:45
	android:screenOrientation
		ADDED from src\main\AndroidManifest.xml:355:13-49
	android:launchMode
		ADDED from src\main\AndroidManifest.xml:356:13-43
	android:configChanges
		ADDED from src\main\AndroidManifest.xml:354:13-63
	android:name
		ADDED from src\main\AndroidManifest.xml:353:13-63
activity#com.zhuyun.jingxi.android.activty.GiftFreeSelectActivity
ADDED from src\main\AndroidManifest.xml:359:8-363:44
	android:screenOrientation
		ADDED from src\main\AndroidManifest.xml:362:12-48
	android:launchMode
		ADDED from src\main\AndroidManifest.xml:363:12-42
	android:windowSoftInputMode
		ADDED from src\main\AndroidManifest.xml:360:12-51
	android:configChanges
		ADDED from src\main\AndroidManifest.xml:361:12-62
	android:name
		ADDED from src\main\AndroidManifest.xml:359:18-64
activity#com.zhuyun.jingxi.android.activty.GiftSearchActivity
ADDED from src\main\AndroidManifest.xml:365:9-368:45
	android:screenOrientation
		ADDED from src\main\AndroidManifest.xml:367:13-49
	android:launchMode
		ADDED from src\main\AndroidManifest.xml:368:13-43
	android:configChanges
		ADDED from src\main\AndroidManifest.xml:366:13-63
	android:name
		ADDED from src\main\AndroidManifest.xml:365:19-61
activity#com.zhuyun.jingxi.android.activty.GiftSearchResultActivity
ADDED from src\main\AndroidManifest.xml:370:9-373:45
	android:screenOrientation
		ADDED from src\main\AndroidManifest.xml:372:13-49
	android:launchMode
		ADDED from src\main\AndroidManifest.xml:373:13-43
	android:configChanges
		ADDED from src\main\AndroidManifest.xml:371:13-63
	android:name
		ADDED from src\main\AndroidManifest.xml:370:19-67
activity#com.zhuyun.jingxi.android.activty.RegisterNickNameActivity
ADDED from src\main\AndroidManifest.xml:376:9-380:45
	android:screenOrientation
		ADDED from src\main\AndroidManifest.xml:379:13-49
	android:launchMode
		ADDED from src\main\AndroidManifest.xml:380:13-43
	android:configChanges
		ADDED from src\main\AndroidManifest.xml:378:13-63
	android:name
		ADDED from src\main\AndroidManifest.xml:377:13-61
activity#com.zhuyun.jingxi.android.activty.RegisterSexActivity
ADDED from src\main\AndroidManifest.xml:382:9-386:45
	android:screenOrientation
		ADDED from src\main\AndroidManifest.xml:385:13-49
	android:launchMode
		ADDED from src\main\AndroidManifest.xml:386:13-43
	android:configChanges
		ADDED from src\main\AndroidManifest.xml:384:13-63
	android:name
		ADDED from src\main\AndroidManifest.xml:383:13-56
activity#com.zhuyun.jingxi.android.activty.LoginActivity
ADDED from src\main\AndroidManifest.xml:388:9-392:45
	android:screenOrientation
		ADDED from src\main\AndroidManifest.xml:391:13-49
	android:launchMode
		ADDED from src\main\AndroidManifest.xml:392:13-43
	android:configChanges
		ADDED from src\main\AndroidManifest.xml:390:13-63
	android:name
		ADDED from src\main\AndroidManifest.xml:389:13-50
activity#com.zhuyun.jingxi.android.activty.RegisterActivity
ADDED from src\main\AndroidManifest.xml:394:9-397:45
	android:screenOrientation
		ADDED from src\main\AndroidManifest.xml:396:13-49
	android:launchMode
		ADDED from src\main\AndroidManifest.xml:397:13-43
	android:configChanges
		ADDED from src\main\AndroidManifest.xml:395:13-63
	android:name
		ADDED from src\main\AndroidManifest.xml:394:19-59
activity#com.zhuyun.jingxi.android.activty.ForgotPSWActivity
ADDED from src\main\AndroidManifest.xml:399:9-402:45
	android:screenOrientation
		ADDED from src\main\AndroidManifest.xml:401:13-49
	android:launchMode
		ADDED from src\main\AndroidManifest.xml:402:13-43
	android:configChanges
		ADDED from src\main\AndroidManifest.xml:400:13-63
	android:name
		ADDED from src\main\AndroidManifest.xml:399:19-60
activity#com.zhuyun.jingxi.android.activty.ChangePSWActivity
ADDED from src\main\AndroidManifest.xml:404:9-407:45
	android:screenOrientation
		ADDED from src\main\AndroidManifest.xml:406:13-49
	android:launchMode
		ADDED from src\main\AndroidManifest.xml:407:13-43
	android:configChanges
		ADDED from src\main\AndroidManifest.xml:405:13-63
	android:name
		ADDED from src\main\AndroidManifest.xml:404:19-60
receiver#com.zhuyun.jingxi.android.wxapi.AppRegister
ADDED from src\main\AndroidManifest.xml:411:9-415:20
	android:name
		ADDED from src\main\AndroidManifest.xml:411:19-52
intent-filter#com.tencent.mm.plugin.openapi.Intent.ACTION_REFRESH_WXAPP